<?xml version="1.0" encoding="UTF-8"?>
<testsuite xmlns:xsi="http://www.w3.org/2001/XMLSchema-instance" xsi:noNamespaceSchemaLocation="https://maven.apache.org/surefire/maven-surefire-plugin/xsd/surefire-test-report.xsd" version="3.0.2" name="com.eventledger.gateway.service.EventServiceTest" time="0.533" tests="7" errors="0" skipped="0" failures="0" flakes="0">
  <properties>
[...]
</properties>
  <testcase name="shouldReturnEventsForAccount" classname="com.eventledger.gateway.service.EventServiceTest" time="0.503"/>
  <testcase name="shouldPersistAndApplyNewEvent" classname="com.eventledger.gateway.service.EventServiceTest" time="0.007"/>
  <testcase name="shouldRecoverFromConcurrentInsert" classname="com.eventledger.gateway.service.EventServiceTest" time="0.006"/>
  <testcase name="shouldReturnEventById" classname="com.eventledger.gateway.service.EventServiceTest" time="0.003"/>
  <testcase name="shouldMarkEventFailedWhenAccountServiceUnavailable" classname="com.eventledger.gateway.service.EventServiceTest" time="0.004"/>
  <testcase name="shouldReturnExistingIdempotentReplay" classname="com.eventledger.gateway.service.EventServiceTest" time="0.003"/>
  <testcase name="shouldThrowWhenEventDoesNotExist" classname="com.eventledger.gateway.service.EventServiceTest" time="0.002"/>
</testsuite>